d:\workspace\privacyutils\build\win32\x64\release\vc120.pdb
d:\workspace\privacyutils\build\win32\x64\release\gen_context.obj
d:\workspace\privacyutils\build\win32\x64\release\cn_bubi_privacy.obj
d:\source code\teleinfo-privacy-go-sdk\build\win32\x64\release\vc120.pdb
d:\source code\teleinfo-privacy-go-sdk\build\win32\x64\release\privacy.obj
d:\source code\teleinfo-privacy-go-sdk\build\win32\x64\release\com_privacy.obj
d:\workspace\privacyutils\build\win32\x64\release\secp256k1.dll
d:\workspace\privacyutils\build\win32\x64\release\secp256k1.pdb
d:\workspace\privacyutils\build\win32\x64\release\privacy.dll
d:\workspace\privacyutils\build\win32\x64\release\privacy.pdb
d:\source code\teleinfo-privacy-go-sdk\build\win32\x64\release\privacy.dll
d:\source code\teleinfo-privacy-go-sdk\build\win32\x64\release\privacy.pdb
d:\workspace\privacyutils\build\win32\x64\release\secp256k1.lib
d:\workspace\privacyutils\build\win32\x64\release\secp256k1.exp
d:\workspace\privacyutils\build\win32\x64\release\privacy.lib
d:\workspace\privacyutils\build\win32\x64\release\privacy.exp
d:\source code\teleinfo-privacy-go-sdk\build\win32\x64\release\privacy.lib
d:\source code\teleinfo-privacy-go-sdk\build\win32\x64\release\privacy.exp
d:\source code\teleinfo-privacy-go-sdk\build\win32\x64\release\cn_bubi_privacy.obj
d:\source code\teleinfo-privacy-go-sdk\build\win32\x64\release\gen_context.obj
d:\source code\teleinfo-privacy-go-sdk\build\win32\x64\release\secp256k1.exp
d:\source code\teleinfo-privacy-go-sdk\build\win32\x64\release\secp256k1.pdb
d:\source code\teleinfo-privacy-go-sdk\build\win32\x64\release\secp256k1.tlog\cl.command.1.tlog
d:\source code\teleinfo-privacy-go-sdk\build\win32\x64\release\secp256k1.tlog\cl.read.1.tlog
d:\source code\teleinfo-privacy-go-sdk\build\win32\x64\release\secp256k1.tlog\cl.write.1.tlog
d:\source code\teleinfo-privacy-go-sdk\build\win32\x64\release\secp256k1.tlog\link.command.1.tlog
d:\source code\teleinfo-privacy-go-sdk\build\win32\x64\release\secp256k1.tlog\link.read.1.tlog
d:\source code\teleinfo-privacy-go-sdk\build\win32\x64\release\secp256k1.tlog\link.write.1.tlog
d:\source code\teleinfo-privacy-go-sdk\build\win32\x64\release\secp256k1.tlog\secp256k1.write.1u.tlog
